2024-05-17 18:00:05,909 +0530 [main] INFO  (PowerSet.java:23) - Result set: [[1], [1, 2], [1, 2, 3]]
2024-05-17 18:01:18,150 +0530 [main] INFO  (PowerSet.java:22) - Result set: [[1], [1, 2], [1, 2, 3]]
2024-05-17 18:03:10,486 +0530 [main] INFO  (PowerSet.java:23) - Result set: [[null, 1], [null, 1, 2], [null, 1, 2, 3]]
2024-05-17 18:46:14,995 +0530 [main] INFO  (PowerSet.java:23) - Result set: [null, [1], [1, 2], [1, 2, 3]]
2024-05-17 18:47:50,431 +0530 [main] INFO  (PowerSet.java:23) - Result set: [[], [1], [1, 2], [1, 2, 3]]
2024-05-17 18:49:44,769 +0530 [main] INFO  (PowerSet.java:22) - Result set: [[], [1], [1, 2], [1, 2, 3]]
2024-05-17 18:55:43,800 +0530 [main] INFO  (PowerSet.java:22) - Result set: [[], [1, 2, 3], [2, 3], [3]]
2024-05-17 18:56:14,001 +0530 [main] INFO  (PowerSet.java:22) - Result set: [[], [1, 1, 1], [2, 2], [3]]
2024-05-17 18:57:25,428 +0530 [main] INFO  (PowerSet.java:22) - Result set: [[], [1, 2, 3], [2, 3], [3]]
2024-05-17 19:00:58,165 +0530 [main] INFO  (PowerSet.java:27) - Result set: [[], [1], [2], [3]]
2024-05-17 19:02:03,586 +0530 [main] INFO  (PowerSet.java:27) - Result set: [[], [1, 1, 2, 3], [2, 2, 3], [3, 3]]
2024-05-17 19:02:18,390 +0530 [main] INFO  (PowerSet.java:27) - Result set: [[], [1], [2], [3]]
2024-05-17 19:02:45,931 +0530 [main] INFO  (PowerSet.java:27) - Result set: [[], [1, 2, 3], [2, 3], [3]]
2024-05-20 16:40:43,418 +0530 [main] INFO  (PowerSet.java:39) - Result list: [[], [1], [1, 2], [1, 2, 3], [1, 3], [2], [2, 3], [3]]
2024-05-21 19:07:38,755 +0530 [main] INFO  (CombinationSum.java:15) - result: []
2024-05-21 19:08:33,730 +0530 [main] INFO  (CombinationSum.java:15) - result: [[1, 1, 1, 1, 1, 1], [2, 2, 2], [3, 3]]
2024-05-21 19:08:50,210 +0530 [main] INFO  (CombinationSum.java:15) - result: [[], [1, 1, 1, 1, 1, 1], [2, 2, 2], [3, 3]]
2024-05-21 19:09:23,227 +0530 [main] INFO  (CombinationSum.java:15) - result: [[1, 1, 1, 1, 1, 1], [2, 2, 2], [3, 3]]
2024-07-20 20:15:06,273 +0530 [main] INFO  (Permutations.java:22) - Result: []
2024-07-20 20:15:06,283 +0530 [main] INFO  (PowerSet.java:15) - Result list: [[], [1], [1, 2], [1, 2, 3], [1, 3], [2], [2, 3], [3]]
2024-07-20 20:20:26,427 +0530 [main] INFO  (Permutations.java:22) - Result: []
2024-07-20 20:20:26,432 +0530 [main] INFO  (PowerSet.java:15) - Result list: [[], [1], [1, 2], [1, 2, 3], [1, 3], [2], [2, 3], [3]]
2024-11-13 09:39:45,820 +0530 [main] INFO  (PowerSet.java:15) - Result list: [[], [1], [1, 2], [1, 2, 3], [1, 3], [2], [2, 3], [3]]
2024-11-27 10:09:49,274 +0530 [main] INFO  (PowerSet.java:15) - Result list: [[], [1], [1, 2], [1, 2, 3], [1, 3], [2], [2, 3], [3]]
2024-11-27 22:39:34,183 +0530 [main] INFO  (PowerSet.java:15) - Result list: [[], [1], [1, 2], [1, 2, 3], [1, 3], [2], [2, 3], [3]]
2024-11-28 11:39:07,107 +0530 [main] INFO  (PowerSet.java:15) - Result list: [[], [1], [1, 2], [1, 2, 3], [1, 3], [2], [2, 3], [3]]
